<?xml version="1.0" encoding="UTF-8"?>
<!-- Generated by org.testng.reporters.JUnitXMLReporter -->
<testsuite ignored="0" hostname="LAPTOP-CPNSJOF8" failures="1" tests="7" name="Test_2" time="11.774" errors="0" timestamp="2025-07-28T14:29:23 CEST">
  <testcase classname="Test.LoginTest" name="loginWithValidUsers" time="8.186">
    <failure type="org.openqa.selenium.NoSuchSessionException" message="invalid session id
Build info: version: &amp;apos;4.34.0&amp;apos;, revision: &amp;apos;707dcb4246*&amp;apos;
System info: os.name: &amp;apos;Windows 10&amp;apos;, os.arch: &amp;apos;amd64&amp;apos;, os.version: &amp;apos;10.0&amp;apos;, java.version: &amp;apos;24.0.1&amp;apos;
Driver info: org.openqa.selenium.edge.EdgeDriver
Command: [d351e34c351e2b1691ddf856753bd40b, getCurrentUrl {}]
Capabilities {acceptInsecureCerts: false, browserName: MicrosoftEdge, browserVersion: 138.0.3351.109, fedcm:accounts: true, ms:edgeOptions: {debuggerAddress: localhost:65473}, msedge: {msedgedriverVersion: 138.0.3351.55 (3171b71f28b7..., userDataDir: C:\Users\vmvma\AppData\Loca...}, networkConnectionEnabled: false, pageLoadStrategy: normal, platformName: windows, proxy: Proxy(), se:cdp: ws://localhost:65473/devtoo..., se:cdpVersion: 138.0.3351.109, setWindowRect: true, strictFileInteractability: false, timeouts: {implicit: 0, pageLoad: 300000, script: 30000}, unhandledPromptBehavior: dismiss and notify, webauthn:extension:credBlob: true, webauthn:extension:largeBlob: true, webauthn:extension:minPinLength: true, webauthn:extension:prf: true, webauthn:virtualAuthenticators: true}
Session ID: d351e34c351e2b1691ddf856753bd40b">
      <![CDATA[org.openqa.selenium.NoSuchSessionException: invalid session id
Build info: version: '4.34.0', revision: '707dcb4246*'
System info: os.name: 'Windows 10', os.arch: 'amd64', os.version: '10.0', java.version: '24.0.1'
Driver info: org.openqa.selenium.edge.EdgeDriver
Command: [d351e34c351e2b1691ddf856753bd40b, getCurrentUrl {}]
Capabilities {acceptInsecureCerts: false, browserName: MicrosoftEdge, browserVersion: 138.0.3351.109, fedcm:accounts: true, ms:edgeOptions: {debuggerAddress: localhost:65473}, msedge: {msedgedriverVersion: 138.0.3351.55 (3171b71f28b7..., userDataDir: C:\Users\vmvma\AppData\Loca...}, networkConnectionEnabled: false, pageLoadStrategy: normal, platformName: windows, proxy: Proxy(), se:cdp: ws://localhost:65473/devtoo..., se:cdpVersion: 138.0.3351.109, setWindowRect: true, strictFileInteractability: false, timeouts: {implicit: 0, pageLoad: 300000, script: 30000}, unhandledPromptBehavior: dismiss and notify, webauthn:extension:credBlob: true, webauthn:extension:largeBlob: true, webauthn:extension:minPinLength: true, webauthn:extension:prf: true, webauthn:virtualAuthenticators: true}
Session ID: d351e34c351e2b1691ddf856753bd40b
at org.openqa.selenium.remote.ErrorCodec.decode(ErrorCodec.java:167)
at org.openqa.selenium.remote.codec.w3c.W3CHttpResponseCodec.decode(W3CHttpResponseCodec.java:138)
at org.openqa.selenium.remote.codec.w3c.W3CHttpResponseCodec.decode(W3CHttpResponseCodec.java:50)
at org.openqa.selenium.remote.HttpCommandExecutor.execute(HttpCommandExecutor.java:215)
at org.openqa.selenium.remote.service.DriverCommandExecutor.invokeExecute(DriverCommandExecutor.java:216)
at org.openqa.selenium.remote.service.DriverCommandExecutor.execute(DriverCommandExecutor.java:174)
at org.openqa.selenium.remote.RemoteWebDriver.execute(RemoteWebDriver.java:544)
at org.openqa.selenium.remote.RemoteWebDriver.execute(RemoteWebDriver.java:617)
at org.openqa.selenium.remote.RemoteWebDriver.execute(RemoteWebDriver.java:621)
at org.openqa.selenium.remote.RemoteWebDriver.getCurrentUrl(RemoteWebDriver.java:324)
at org.openqa.selenium.support.ui.ExpectedConditions$3.apply(ExpectedConditions.java:101)
at org.openqa.selenium.support.ui.ExpectedConditions$3.apply(ExpectedConditions.java:96)
at org.openqa.selenium.support.ui.FluentWait.until(FluentWait.java:203)
at Test.LoginTest.loginWithValidUsers(LoginTest.java:94)
at java.base/java.util.ArrayList.forEach(ArrayList.java:1604)
at java.base/java.util.concurrent.FutureTask.run(FutureTask.java:328)
at java.base/java.util.concurrent.ThreadPoolExecutor.runWorker(ThreadPoolExecutor.java:1095)
at java.base/java.util.concurrent.ThreadPoolExecutor$Worker.run(ThreadPoolExecutor.java:619)
at java.base/java.lang.Thread.run(Thread.java:1447)
... Removed 18 stack frames]]>
    </failure>
  </testcase> <!-- loginWithValidUsers -->
  <testcase classname="Test.LoginTest" name="loginWithValidUsers" time="0.0">
    <skipped/>
  </testcase> <!-- loginWithValidUsers -->
  <testcase classname="Test.LoginTest" name="loginWithValidUsers" time="0.0">
    <skipped/>
  </testcase> <!-- loginWithValidUsers -->
  <testcase classname="Test.LoginTest" name="loginWithValidUsers" time="0.0">
    <skipped/>
  </testcase> <!-- loginWithValidUsers -->
  <testcase classname="Test.LoginTest" name="loginWithValidUsers" time="0.0">
    <skipped/>
  </testcase> <!-- loginWithValidUsers -->
  <testcase classname="Test.LoginTest" name="loginAndLogoutWithCorrectUsernameAndPassword" time="0.0">
    <skipped/>
  </testcase> <!-- loginAndLogoutWithCorrectUsernameAndPassword -->
  <testcase classname="Test.LoginTest" name="loginWithLockedOutUser" time="0.0">
    <skipped/>
  </testcase> <!-- loginWithLockedOutUser -->
</testsuite> <!-- Test_2 -->
