<?xml version="1.0" encoding="UTF-8"?>
<!-- Generated by org.testng.reporters.JUnitXMLReporter -->
<testsuite ignored="0" hostname="LAPTOP-CPNSJOF8" failures="0" tests="7" name="Test_1" time="59.368" errors="0" timestamp="2025-07-28T14:42:13 CEST">
  <testcase classname="Test.LoginTest" name="loginWithValidUsers" time="6.607"/>
  <testcase classname="Test.LoginTest" name="loginWithValidUsers" time="6.595"/>
  <testcase classname="Test.LoginTest" name="loginWithValidUsers" time="11.549"/>
  <testcase classname="Test.LoginTest" name="loginWithValidUsers" time="6.54"/>
  <testcase classname="Test.LoginTest" name="loginWithValidUsers" time="6.526"/>
  <testcase classname="Test.LoginTest" name="loginAndLogoutWithCorrectUsernameAndPassword" time="8.643"/>
  <testcase classname="Test.LoginTest" name="loginWithLockedOutUser" time="0.346"/>
</testsuite> <!-- Test_1 -->
