<?xml version="1.0" encoding="UTF-8"?>
<testng-results ignored="0" total="7" passed="7" failed="0" skipped="0">
  <reporter-output>
  </reporter-output>
  <suite started-at="2025-07-28T14:41:13 CEST" name="Parallel Test Suite" finished-at="2025-07-28T14:42:13 CEST" duration-ms="59368">
    <groups>
    </groups>
    <test started-at="2025-07-28T14:41:13 CEST" name="Test_1" finished-at="2025-07-28T14:42:13 CEST" duration-ms="59368">
      <class name="Test.LoginTest">
        <test-method is-config="true" signature="setUp()[pri:0, instance:Test.LoginTest@670b40af]" started-at="2025-07-28T14:41:13 CEST" name="setUp" finished-at="2025-07-28T14:41:14 CEST" duration-ms="504" status="PASS">
          <reporter-output>
          </reporter-output>
        </test-method> <!-- setUp -->
        <test-method is-config="true" signature="pageSetUp()[pri:0, instance:Test.LoginTest@670b40af]" started-at="2025-07-28T14:41:14 CEST" name="pageSetUp" finished-at="2025-07-28T14:41:16 CEST" duration-ms="1728" status="PASS">
          <reporter-output>
          </reporter-output>
        </test-method> <!-- pageSetUp -->
        <test-method signature="loginWithValidUsers(java.lang.String,java.lang.String)[pri:0, instance:Test.LoginTest@670b40af]" started-at="2025-07-28T14:41:16 CEST" name="loginWithValidUsers" data-provider="excelUsers" finished-at="2025-07-28T14:41:23 CEST" duration-ms="6607" status="PASS">
          <params>
            <param index="0">
              <value>
                <![CDATA[standard_user]]>
              </value>
            </param>
            <param index="1">
              <value>
                <![CDATA[secret_sauce]]>
              </value>
            </param>
          </params>
          <reporter-output>
          </reporter-output>
        </test-method> <!-- loginWithValidUsers -->
        <test-method is-config="true" signature="tearDown()[pri:0, instance:Test.LoginTest@670b40af]" started-at="2025-07-28T14:41:23 CEST" name="tearDown" finished-at="2025-07-28T14:41:23 CEST" duration-ms="267" status="PASS">
          <reporter-output>
          </reporter-output>
        </test-method> <!-- tearDown -->
        <test-method is-config="true" signature="pageSetUp()[pri:0, instance:Test.LoginTest@670b40af]" started-at="2025-07-28T14:41:23 CEST" name="pageSetUp" finished-at="2025-07-28T14:41:25 CEST" duration-ms="1484" status="PASS">
          <reporter-output>
          </reporter-output>
        </test-method> <!-- pageSetUp -->
        <test-method signature="loginWithValidUsers(java.lang.String,java.lang.String)[pri:0, instance:Test.LoginTest@670b40af]" started-at="2025-07-28T14:41:25 CEST" name="loginWithValidUsers" data-provider="excelUsers" finished-at="2025-07-28T14:41:31 CEST" duration-ms="6595" status="PASS">
          <params>
            <param index="0">
              <value>
                <![CDATA[problem_user]]>
              </value>
            </param>
            <param index="1">
              <value>
                <![CDATA[secret_sauce]]>
              </value>
            </param>
          </params>
          <reporter-output>
          </reporter-output>
        </test-method> <!-- loginWithValidUsers -->
        <test-method is-config="true" signature="tearDown()[pri:0, instance:Test.LoginTest@670b40af]" started-at="2025-07-28T14:41:31 CEST" name="tearDown" finished-at="2025-07-28T14:41:31 CEST" duration-ms="214" status="PASS">
          <reporter-output>
          </reporter-output>
        </test-method> <!-- tearDown -->
        <test-method is-config="true" signature="pageSetUp()[pri:0, instance:Test.LoginTest@670b40af]" started-at="2025-07-28T14:41:31 CEST" name="pageSetUp" finished-at="2025-07-28T14:41:33 CEST" duration-ms="1304" status="PASS">
          <reporter-output>
          </reporter-output>
        </test-method> <!-- pageSetUp -->
        <test-method signature="loginWithValidUsers(java.lang.String,java.lang.String)[pri:0, instance:Test.LoginTest@670b40af]" started-at="2025-07-28T14:41:33 CEST" name="loginWithValidUsers" data-provider="excelUsers" finished-at="2025-07-28T14:41:44 CEST" duration-ms="11549" status="PASS">
          <params>
            <param index="0">
              <value>
                <![CDATA[performance_glitch_user]]>
              </value>
            </param>
            <param index="1">
              <value>
                <![CDATA[secret_sauce]]>
              </value>
            </param>
          </params>
          <reporter-output>
          </reporter-output>
        </test-method> <!-- loginWithValidUsers -->
        <test-method is-config="true" signature="tearDown()[pri:0, instance:Test.LoginTest@670b40af]" started-at="2025-07-28T14:41:44 CEST" name="tearDown" finished-at="2025-07-28T14:41:44 CEST" duration-ms="209" status="PASS">
          <reporter-output>
          </reporter-output>
        </test-method> <!-- tearDown -->
        <test-method is-config="true" signature="pageSetUp()[pri:0, instance:Test.LoginTest@670b40af]" started-at="2025-07-28T14:41:44 CEST" name="pageSetUp" finished-at="2025-07-28T14:41:46 CEST" duration-ms="1333" status="PASS">
          <reporter-output>
          </reporter-output>
        </test-method> <!-- pageSetUp -->
        <test-method signature="loginWithValidUsers(java.lang.String,java.lang.String)[pri:0, instance:Test.LoginTest@670b40af]" started-at="2025-07-28T14:41:46 CEST" name="loginWithValidUsers" data-provider="excelUsers" finished-at="2025-07-28T14:41:52 CEST" duration-ms="6540" status="PASS">
          <params>
            <param index="0">
              <value>
                <![CDATA[error_user]]>
              </value>
            </param>
            <param index="1">
              <value>
                <![CDATA[secret_sauce]]>
              </value>
            </param>
          </params>
          <reporter-output>
          </reporter-output>
        </test-method> <!-- loginWithValidUsers -->
        <test-method is-config="true" signature="tearDown()[pri:0, instance:Test.LoginTest@670b40af]" started-at="2025-07-28T14:41:52 CEST" name="tearDown" finished-at="2025-07-28T14:41:53 CEST" duration-ms="220" status="PASS">
          <reporter-output>
          </reporter-output>
        </test-method> <!-- tearDown -->
        <test-method is-config="true" signature="pageSetUp()[pri:0, instance:Test.LoginTest@670b40af]" started-at="2025-07-28T14:41:53 CEST" name="pageSetUp" finished-at="2025-07-28T14:41:54 CEST" duration-ms="1296" status="PASS">
          <reporter-output>
          </reporter-output>
        </test-method> <!-- pageSetUp -->
        <test-method signature="loginWithValidUsers(java.lang.String,java.lang.String)[pri:0, instance:Test.LoginTest@670b40af]" started-at="2025-07-28T14:41:54 CEST" name="loginWithValidUsers" data-provider="excelUsers" finished-at="2025-07-28T14:42:00 CEST" duration-ms="6526" status="PASS">
          <params>
            <param index="0">
              <value>
                <![CDATA[visual_user]]>
              </value>
            </param>
            <param index="1">
              <value>
                <![CDATA[secret_sauce]]>
              </value>
            </param>
          </params>
          <reporter-output>
          </reporter-output>
        </test-method> <!-- loginWithValidUsers -->
        <test-method is-config="true" signature="tearDown()[pri:0, instance:Test.LoginTest@670b40af]" started-at="2025-07-28T14:42:00 CEST" name="tearDown" finished-at="2025-07-28T14:42:01 CEST" duration-ms="225" status="PASS">
          <reporter-output>
          </reporter-output>
        </test-method> <!-- tearDown -->
        <test-method is-config="true" signature="pageSetUp()[pri:0, instance:Test.LoginTest@670b40af]" started-at="2025-07-28T14:42:01 CEST" name="pageSetUp" finished-at="2025-07-28T14:42:02 CEST" duration-ms="1415" status="PASS">
          <reporter-output>
          </reporter-output>
        </test-method> <!-- pageSetUp -->
        <test-method signature="loginAndLogoutWithCorrectUsernameAndPassword()[pri:1, instance:Test.LoginTest@670b40af]" started-at="2025-07-28T14:42:02 CEST" name="loginAndLogoutWithCorrectUsernameAndPassword" finished-at="2025-07-28T14:42:11 CEST" duration-ms="8643" status="PASS">
          <reporter-output>
          </reporter-output>
        </test-method> <!-- loginAndLogoutWithCorrectUsernameAndPassword -->
        <test-method is-config="true" signature="tearDown()[pri:0, instance:Test.LoginTest@670b40af]" started-at="2025-07-28T14:42:11 CEST" name="tearDown" finished-at="2025-07-28T14:42:11 CEST" duration-ms="208" status="PASS">
          <reporter-output>
          </reporter-output>
        </test-method> <!-- tearDown -->
        <test-method is-config="true" signature="pageSetUp()[pri:0, instance:Test.LoginTest@670b40af]" started-at="2025-07-28T14:42:11 CEST" name="pageSetUp" finished-at="2025-07-28T14:42:12 CEST" duration-ms="1338" status="PASS">
          <reporter-output>
          </reporter-output>
        </test-method> <!-- pageSetUp -->
        <test-method signature="loginWithLockedOutUser()[pri:2, instance:Test.LoginTest@670b40af]" started-at="2025-07-28T14:42:12 CEST" name="loginWithLockedOutUser" finished-at="2025-07-28T14:42:13 CEST" duration-ms="346" status="PASS">
          <reporter-output>
          </reporter-output>
        </test-method> <!-- loginWithLockedOutUser -->
        <test-method is-config="true" signature="tearDown()[pri:0, instance:Test.LoginTest@670b40af]" started-at="2025-07-28T14:42:13 CEST" name="tearDown" finished-at="2025-07-28T14:42:13 CEST" duration-ms="190" status="PASS">
          <reporter-output>
          </reporter-output>
        </test-method> <!-- tearDown -->
      </class> <!-- Test.LoginTest -->
    </test> <!-- Test_1 -->
  </suite> <!-- Parallel Test Suite -->
</testng-results>
